<?xml version="1.0" encoding="UTF-8"?>
<!-- Generated by org.testng.reporters.JUnitReportReporter -->
<testsuite hostname="DESKTOP-LPCAOOD" failures="0" tests="1" name="com.seleniumDec.TC001Test" time="3.152" errors="0" timestamp="2024-03-16T15:48:28 EDT" skipped="0">
  <testcase classname="com.seleniumDec.TC001Test" name="tC001" time="3.152"/>
</testsuite> <!-- com.seleniumDec.TC001Test -->
